\BOOKMARK [1][-]{section.1}{\376\377\000\111\000\156\000\164\000\162\000\157\000\144\000\165\000\143\000\164\000\151\000\157\000\156}{}% 1
\BOOKMARK [1][-]{section.2}{\376\377\000\102\000\141\000\143\000\153\000\147\000\162\000\157\000\165\000\156\000\144}{}% 2
\BOOKMARK [2][-]{subsection.2.1}{\376\377\000\101\000\156\000\144\000\162\000\157\000\151\000\144\000\040\000\120\000\141\000\164\000\164\000\145\000\162\000\156\000\040\000\114\000\157\000\143\000\153}{section.2}% 3
\BOOKMARK [2][-]{subsection.2.2}{\376\377\000\124\000\150\000\162\000\145\000\141\000\164\000\040\000\115\000\157\000\144\000\145\000\154}{section.2}% 4
\BOOKMARK [1][-]{section.3}{\376\377\000\117\000\166\000\145\000\162\000\166\000\151\000\145\000\167\000\040\000\157\000\146\000\040\000\117\000\165\000\162\000\040\000\101\000\164\000\164\000\141\000\143\000\153}{}% 5
\BOOKMARK [1][-]{section.4}{\376\377\000\111\000\155\000\160\000\154\000\145\000\155\000\145\000\156\000\164\000\141\000\164\000\151\000\157\000\156\000\040\000\104\000\145\000\164\000\141\000\151\000\154\000\163}{}% 6
\BOOKMARK [2][-]{subsection.4.1}{\376\377\000\126\000\151\000\144\000\145\000\157\000\040\000\160\000\162\000\145\000\160\000\162\000\157\000\143\000\145\000\163\000\163\000\151\000\156\000\147\000\040}{section.4}% 7
\BOOKMARK [2][-]{subsection.4.2}{\376\377\000\124\000\162\000\141\000\143\000\153\000\040\000\146\000\151\000\156\000\147\000\145\000\162\000\164\000\151\000\160\000\040\000\154\000\157\000\143\000\141\000\164\000\151\000\157\000\156\000\163}{section.4}% 8
\BOOKMARK [3][-]{subsubsection.4.2.1}{\376\377\000\107\000\145\000\156\000\145\000\162\000\141\000\164\000\145\000\040\000\124\000\150\000\145\000\040\000\106\000\151\000\156\000\147\000\145\000\162\000\164\000\151\000\160\000\040\000\115\000\157\000\166\000\145\000\155\000\145\000\156\000\164\000\040\000\124\000\162\000\141\000\152\000\145\000\143\000\164\000\157\000\162\000\171}{subsection.4.2}% 9
\BOOKMARK [3][-]{subsubsection.4.2.2}{\376\377\000\103\000\141\000\155\000\145\000\162\000\141\000\040\000\123\000\150\000\141\000\153\000\145\000\040\000\103\000\141\000\154\000\151\000\142\000\162\000\141\000\164\000\151\000\157\000\156}{subsection.4.2}% 10
\BOOKMARK [3][-]{subsubsection.4.2.3}{\376\377\000\116\000\157\000\151\000\163\000\171\000\040\000\120\000\157\000\151\000\156\000\164\000\163\000\040\000\103\000\141\000\154\000\151\000\142\000\162\000\141\000\164\000\151\000\157\000\156}{subsection.4.2}% 11
\BOOKMARK [2][-]{subsection.4.3}{\376\377\000\106\000\151\000\154\000\155\000\151\000\156\000\147\000\040\000\141\000\156\000\147\000\154\000\145\000\040\000\164\000\162\000\141\000\156\000\163\000\146\000\157\000\162\000\155\000\141\000\164\000\151\000\157\000\156}{section.4}% 12
\BOOKMARK [2][-]{subsection.4.4}{\376\377\000\111\000\144\000\145\000\156\000\164\000\151\000\146\000\171\000\040\000\141\000\156\000\144\000\040\000\162\000\141\000\156\000\153\000\040\000\143\000\141\000\156\000\144\000\151\000\144\000\141\000\164\000\145\000\040\000\160\000\141\000\164\000\164\000\145\000\162\000\156\000\163}{section.4}% 13
\BOOKMARK [3][-]{subsubsection.4.4.1}{\376\377\000\105\000\170\000\164\000\162\000\141\000\143\000\164\000\151\000\156\000\147\000\040\000\123\000\164\000\162\000\165\000\143\000\164\000\165\000\162\000\145\000\040\000\111\000\156\000\146\000\157\000\162\000\155\000\141\000\164\000\151\000\157\000\156}{subsection.4.4}% 14
\BOOKMARK [3][-]{subsubsection.4.4.2}{\376\377\000\115\000\141\000\160\000\040\000\164\000\150\000\145\000\040\000\124\000\162\000\141\000\143\000\153\000\145\000\144\000\040\000\124\000\162\000\141\000\152\000\145\000\143\000\164\000\157\000\162\000\171\000\040\000\164\000\157\000\040\000\103\000\141\000\156\000\144\000\151\000\144\000\141\000\164\000\145\000\040\000\120\000\141\000\164\000\164\000\145\000\162\000\156\000\163}{subsection.4.4}% 15
\BOOKMARK [1][-]{section.5}{\376\377\000\105\000\170\000\160\000\145\000\162\000\151\000\155\000\145\000\156\000\164\000\141\000\154\000\040\000\123\000\145\000\164\000\165\000\160\000\040}{}% 16
\BOOKMARK [2][-]{subsection.5.1}{\376\377\000\104\000\141\000\164\000\141\000\040\000\103\000\157\000\154\000\154\000\145\000\143\000\164\000\151\000\157\000\156}{section.5}% 17
\BOOKMARK [2][-]{subsection.5.2}{\376\377\000\120\000\141\000\164\000\164\000\145\000\162\000\156\000\040\000\103\000\157\000\155\000\160\000\154\000\145\000\170\000\151\000\164\000\171\000\040\000\103\000\154\000\141\000\163\000\163\000\151\000\146\000\151\000\143\000\141\000\164\000\151\000\157\000\156}{section.5}% 18
\BOOKMARK [2][-]{subsection.5.3}{\376\377\000\126\000\151\000\144\000\145\000\157\000\040\000\122\000\145\000\143\000\157\000\162\000\144\000\151\000\156\000\147\000\040\000\141\000\156\000\144\000\040\000\120\000\162\000\145\000\160\000\162\000\157\000\143\000\145\000\163\000\163\000\151\000\156\000\147}{section.5}% 19
\BOOKMARK [1][-]{section.6}{\376\377\000\105\000\170\000\160\000\145\000\162\000\151\000\155\000\145\000\156\000\164\000\141\000\154\000\040\000\122\000\145\000\163\000\165\000\154\000\164\000\163}{}% 20
\BOOKMARK [2][-]{subsection.6.1}{\376\377\000\117\000\166\000\145\000\162\000\141\000\154\000\154\000\040\000\123\000\165\000\143\000\143\000\145\000\163\000\163\000\040\000\122\000\141\000\164\000\145\000\040}{section.6}% 21
\BOOKMARK [2][-]{subsection.6.2}{\376\377\000\111\000\155\000\160\000\141\000\143\000\164\000\040\000\157\000\146\000\040\000\106\000\151\000\154\000\155\000\151\000\156\000\147\000\040\000\104\000\151\000\163\000\164\000\141\000\156\000\143\000\145\000\163\000\040}{section.6}% 22
\BOOKMARK [2][-]{subsection.6.3}{\376\377\000\111\000\155\000\160\000\141\000\143\000\164\000\040\000\157\000\146\000\040\000\103\000\141\000\155\000\145\000\162\000\141\000\040\000\123\000\150\000\141\000\153\000\145}{section.6}% 23
\BOOKMARK [2][-]{subsection.6.4}{\376\377\000\111\000\155\000\160\000\141\000\143\000\164\000\040\000\157\000\146\000\040\000\114\000\151\000\147\000\150\000\164\000\151\000\156\000\147\000\040\000\103\000\157\000\156\000\144\000\151\000\164\000\151\000\157\000\156\000\163\000\040}{section.6}% 24
\BOOKMARK [2][-]{subsection.6.5}{\376\377\000\111\000\155\000\160\000\141\000\143\000\164\000\040\000\157\000\146\000\040\000\106\000\151\000\154\000\155\000\151\000\156\000\147\000\040\000\101\000\156\000\147\000\154\000\145\000\040\000\105\000\163\000\164\000\151\000\155\000\141\000\164\000\151\000\157\000\156\000\040}{section.6}% 25
\BOOKMARK [2][-]{subsection.6.6}{\376\377\000\106\000\111\000\130\000\105\000\104\000\072\000\040\000\111\000\155\000\160\000\141\000\143\000\164\000\040\000\157\000\146\000\040\000\104\000\151\000\146\000\146\000\145\000\162\000\145\000\156\000\164\000\040\000\124\000\141\000\162\000\147\000\145\000\164\000\163\000\040\000\141\000\156\000\144\000\040\000\103\000\141\000\155\000\145\000\162\000\141\000\163}{section.6}% 26
\BOOKMARK [2][-]{subsection.6.7}{\376\377\000\111\000\156\000\146\000\145\000\162\000\162\000\151\000\156\000\147\000\040\000\120\000\141\000\164\000\164\000\145\000\162\000\156\000\163\000\040\000\167\000\151\000\164\000\150\000\040\000\105\000\171\000\145\000\163}{section.6}% 27
\BOOKMARK [2][-]{subsection.6.8}{\376\377\000\105\000\166\000\141\000\154\000\165\000\141\000\164\000\151\000\157\000\156\000\040\000\157\000\156\000\040\000\117\000\164\000\150\000\145\000\162\000\040\000\120\000\141\000\164\000\164\000\145\000\162\000\156\000\040\000\107\000\162\000\151\000\144\000\163}{section.6}% 28
\BOOKMARK [2][-]{subsection.6.9}{\376\377\000\106\000\111\000\130\000\105\000\104\000\072\000\040\000\105\000\166\000\141\000\154\000\165\000\141\000\164\000\151\000\157\000\156\000\040\000\157\000\146\000\040\000\103\000\162\000\141\000\143\000\153\000\151\000\156\000\147\000\040\000\120\000\111\000\116\000\055\000\142\000\141\000\163\000\145\000\144\000\040\000\120\000\141\000\163\000\163\000\167\000\157\000\162\000\144\000\163}{section.6}% 29
\BOOKMARK [1][-]{section.7}{\376\377\000\104\000\151\000\163\000\143\000\165\000\163\000\163\000\151\000\157\000\156\000\163}{}% 30
\BOOKMARK [2][-]{subsection.7.1}{\376\377\000\120\000\157\000\164\000\145\000\156\000\164\000\151\000\141\000\154\000\040\000\103\000\157\000\165\000\156\000\164\000\145\000\162\000\155\000\145\000\141\000\163\000\165\000\162\000\145\000\163}{section.7}% 31
\BOOKMARK [2][-]{subsection.7.2}{\376\377\000\111\000\155\000\160\000\154\000\151\000\143\000\141\000\164\000\151\000\157\000\156\000\163}{section.7}% 32
\BOOKMARK [1][-]{section.8}{\376\377\000\122\000\145\000\154\000\141\000\164\000\145\000\144\000\040\000\127\000\157\000\162\000\153}{}% 33
\BOOKMARK [1][-]{section.9}{\376\377\000\103\000\157\000\156\000\143\000\154\000\165\000\163\000\151\000\157\000\156\000\163}{}% 34
\BOOKMARK [1][-]{section*.1}{\376\377\000\101\000\160\000\160\000\145\000\156\000\144\000\151\000\170\000\040\000\101\000\072\000\040\000\120\000\162\000\157\000\157\000\146\000\040\000\157\000\146\000\040\000\164\000\150\000\145\000\040\000\106\000\151\000\162\000\163\000\164\000\040\000\132\000\157\000\156\000\153\000\154\000\141\000\162\000\040\000\105\000\161\000\165\000\141\000\164\000\151\000\157\000\156}{}% 35
\BOOKMARK [1][-]{section*.2}{\376\377\000\101\000\160\000\160\000\145\000\156\000\144\000\151\000\170\000\040\000\102}{}% 36
\BOOKMARK [1][-]{IEEEbiography.0}{\376\377\000\102\000\151\000\157\000\147\000\162\000\141\000\160\000\150\000\151\000\145\000\163}{}% 37
\BOOKMARK [2][-]{IEEEbiography.1}{\376\377\000\115\000\151\000\143\000\150\000\141\000\145\000\154\000\040\000\123\000\150\000\145\000\154\000\154}{IEEEbiography.0}% 38
\BOOKMARK [2][-]{IEEEbiography.2}{\376\377\000\112\000\157\000\150\000\156\000\040\000\104\000\157\000\145}{IEEEbiography.0}% 39
\BOOKMARK [2][-]{IEEEbiography.3}{\376\377\000\112\000\141\000\156\000\145\000\040\000\104\000\157\000\145}{IEEEbiography.0}% 40
